ERROR - 2021-12-30 02:22:10 --> 404 Page Not Found: Abcd/index
ERROR - 2021-12-30 02:22:24 --> 404 Page Not Found: Abcd/index
ERROR - 2021-12-30 02:22:27 --> Severity: error --> Exception: Too few arguments to function Welcome::cli(), 0 passed in C:\xampp\htdocs\cli\system\core\CodeIgniter.php on line 532 and exactly 1 expected C:\xampp\htdocs\cli\application\controllers\Welcome.php 6
ERROR - 2021-12-30 02:22:30 --> 404 Page Not Found: A/index
ERROR - 2021-12-30 02:22:54 --> Severity: error --> Exception: Too few arguments to function Welcome::cli(), 0 passed in C:\xampp\htdocs\cli\system\core\CodeIgniter.php on line 532 and exactly 1 expected C:\xampp\htdocs\cli\application\controllers\Welcome.php 6
ERROR - 2021-12-30 02:23:11 --> 404 Page Not Found: Welcome/cli/1
ERROR - 2021-12-30 02:23:16 --> Severity: error --> Exception: Too few arguments to function Welcome::cli(), 0 passed in C:\xampp\htdocs\cli\system\core\CodeIgniter.php on line 532 and exactly 1 expected C:\xampp\htdocs\cli\application\controllers\Welcome.php 6
ERROR - 2021-12-30 02:23:26 --> 404 Page Not Found: 1/index
ERROR - 2021-12-30 02:23:28 --> Severity: error --> Exception: Too few arguments to function Welcome::cli(), 0 passed in C:\xampp\htdocs\cli\system\core\CodeIgniter.php on line 532 and exactly 1 expected C:\xampp\htdocs\cli\application\controllers\Welcome.php 6
ERROR - 2021-12-30 02:23:29 --> Severity: error --> Exception: Too few arguments to function Welcome::cli(), 0 passed in C:\xampp\htdocs\cli\system\core\CodeIgniter.php on line 532 and exactly 1 expected C:\xampp\htdocs\cli\application\controllers\Welcome.php 6
ERROR - 2021-12-30 02:24:20 --> 404 Page Not Found: Welcome/cli/{id}
ERROR - 2021-12-30 02:24:24 --> 404 Page Not Found: 1/index
ERROR - 2021-12-30 02:24:26 --> 404 Page Not Found: A/index
ERROR - 2021-12-30 02:25:05 --> 404 Page Not Found: A/index
ERROR - 2021-12-30 02:25:12 --> Severity: Warning --> Undefined variable $var C:\xampp\htdocs\cli\application\controllers\Welcome.php 7
ERROR - 2021-12-30 02:25:24 --> 404 Page Not Found: Welcome/cli/{id}
ERROR - 2021-12-30 02:25:27 --> 404 Page Not Found: Welcome/cli/{id}
ERROR - 2021-12-30 02:25:29 --> 404 Page Not Found: Welcome/cli/{id}
ERROR - 2021-12-30 02:25:52 --> 404 Page Not Found: /index
ERROR - 2021-12-30 02:25:54 --> 404 Page Not Found: /index
ERROR - 2021-12-30 02:26:03 --> Severity: error --> Exception: Too few arguments to function Welcome::cli(), 0 passed in C:\xampp\htdocs\cli\system\core\CodeIgniter.php on line 532 and exactly 1 expected C:\xampp\htdocs\cli\application\controllers\Welcome.php 6
ERROR - 2021-12-30 02:26:17 --> 404 Page Not Found: Welcome/cli/{id}
ERROR - 2021-12-30 02:26:22 --> 404 Page Not Found: Welcome/cli/1
ERROR - 2021-12-30 02:26:25 --> 404 Page Not Found: Welcome/cli/1
ERROR - 2021-12-30 02:30:45 --> 404 Page Not Found: Text/index
ERROR - 2021-12-30 02:31:06 --> 404 Page Not Found: Text/index
ERROR - 2021-12-30 02:38:05 --> Not Found: -t/index
ERROR - 2021-12-30 02:42:21 --> Not Found: -t/index
ERROR - 2021-12-30 02:42:27 --> Not Found: Main/-t
ERROR - 2021-12-30 02:42:33 --> Not Found: Cli/-t
ERROR - 2021-12-30 04:07:51 --> Severity: Warning --> Array to string conversion C:\xampp\htdocs\cli\application\controllers\Cli.php 12
ERROR - 2021-12-30 04:08:22 --> Severity: Warning --> file(./log/errors.log): Failed to open stream: No such file or directory C:\xampp\htdocs\cli\application\controllers\Cli.php 11
ERROR - 2021-12-30 04:08:42 --> Severity: Warning --> file(./log/errors.log): Failed to open stream: No such file or directory C:\xampp\htdocs\cli\application\controllers\Cli.php 11
ERROR - 2021-12-30 04:09:43 --> Severity: Warning --> file(./log/errors.log): Failed to open stream: No such file or directory C:\xampp\htdocs\cli\application\controllers\Cli.php 11
ERROR - 2021-12-30 04:10:25 --> Severity: Warning --> file(./log/errors.log): Failed to open stream: No such file or directory C:\xampp\htdocs\cli\application\controllers\Cli.php 11
ERROR - 2021-12-30 04:12:15 --> Severity: Warning --> file(./log/errors.log): Failed to open stream: No such file or directory C:\xampp\htdocs\cli\application\controllers\Cli.php 11
ERROR - 2021-12-30 04:12:39 --> Severity: Warning --> file(./log/errors.log): Failed to open stream: No such file or directory C:\xampp\htdocs\cli\application\controllers\Cli.php 11
ERROR - 2021-12-30 04:14:48 --> Severity: error --> Exception: fopen() expects at least 2 arguments, 1 given C:\xampp\htdocs\cli\application\controllers\Cli.php 12
ERROR - 2021-12-30 04:16:04 --> Severity: Warning --> fopen(./log/errorss.log): Failed to open stream: No such file or directory C:\xampp\htdocs\cli\application\controllers\Cli.php 12
ERROR - 2021-12-30 04:17:15 --> Severity: Warning --> fopen(./logerrorss.log): Failed to open stream: No such file or directory C:\xampp\htdocs\cli\application\controllers\Cli.php 13
ERROR - 2021-12-30 04:17:19 --> Severity: Warning --> fopen(./logerror.log): Failed to open stream: No such file or directory C:\xampp\htdocs\cli\application\controllers\Cli.php 13
ERROR - 2021-12-30 04:17:28 --> Severity: Warning --> fopen(./logerror.log): Failed to open stream: No such file or directory C:\xampp\htdocs\cli\application\controllers\Cli.php 13
ERROR - 2021-12-30 04:17:39 --> Severity: Warning --> fopen(./logerror.log): Failed to open stream: No such file or directory C:\xampp\htdocs\cli\application\controllers\Cli.php 13
ERROR - 2021-12-30 04:18:05 --> Severity: Warning --> file(./logerror.log): Failed to open stream: No such file or directory C:\xampp\htdocs\cli\application\controllers\Cli.php 12
ERROR - 2021-12-30 04:18:19 --> Severity: Warning --> file(./logerror.log): Failed to open stream: No such file or directory C:\xampp\htdocs\cli\application\controllers\Cli.php 12
ERROR - 2021-12-30 05:18:24 --> Severity: Warning --> filesize(): stat failed for reslog.txt C:\xampp\htdocs\cli\application\controllers\Cli.php 37
ERROR - 2021-12-30 05:18:24 --> Severity: Warning --> Cannot modify header information - headers already sent by (output started at C:\xampp\htdocs\cli\system\core\Exceptions.php:271) C:\xampp\htdocs\cli\application\controllers\Cli.php 37
ERROR - 2021-12-30 05:18:24 --> Severity: Warning --> Cannot modify header information - headers already sent by (output started at C:\xampp\htdocs\cli\system\core\Exceptions.php:271) C:\xampp\htdocs\cli\application\controllers\Cli.php 38
ERROR - 2021-12-30 05:18:24 --> Severity: Warning --> readfile(reslog.txt): Failed to open stream: No such file or directory C:\xampp\htdocs\cli\application\controllers\Cli.php 39
ERROR - 2021-12-30 05:20:08 --> Severity: Warning --> filesize(): stat failed for reslog.txt C:\xampp\htdocs\cli\application\controllers\Cli.php 37
ERROR - 2021-12-30 05:20:08 --> Severity: Warning --> Cannot modify header information - headers already sent by (output started at C:\xampp\htdocs\cli\system\core\Exceptions.php:271) C:\xampp\htdocs\cli\application\controllers\Cli.php 37
ERROR - 2021-12-30 05:20:08 --> Severity: Warning --> Cannot modify header information - headers already sent by (output started at C:\xampp\htdocs\cli\system\core\Exceptions.php:271) C:\xampp\htdocs\cli\application\controllers\Cli.php 38
ERROR - 2021-12-30 05:20:08 --> Severity: Warning --> readfile(reslog.txt): Failed to open stream: No such file or directory C:\xampp\htdocs\cli\application\controllers\Cli.php 39
ERROR - 2021-12-30 05:20:19 --> Severity: Warning --> filesize(): stat failed for reslog.txt C:\xampp\htdocs\cli\application\controllers\Cli.php 37
ERROR - 2021-12-30 05:20:19 --> Severity: Warning --> Cannot modify header information - headers already sent by (output started at C:\xampp\htdocs\cli\system\core\Exceptions.php:271) C:\xampp\htdocs\cli\application\controllers\Cli.php 37
ERROR - 2021-12-30 05:20:19 --> Severity: Warning --> Cannot modify header information - headers already sent by (output started at C:\xampp\htdocs\cli\system\core\Exceptions.php:271) C:\xampp\htdocs\cli\application\controllers\Cli.php 38
ERROR - 2021-12-30 05:20:19 --> Severity: Warning --> readfile(reslog.txt): Failed to open stream: No such file or directory C:\xampp\htdocs\cli\application\controllers\Cli.php 39
ERROR - 2021-12-30 05:20:59 --> Severity: Warning --> fopen(./log/result/reslog.txt): Failed to open stream: No such file or directory C:\xampp\htdocs\cli\application\controllers\Cli.php 26
ERROR - 2021-12-30 05:20:59 --> Severity: error --> Exception: fwrite(): Argument #1 ($stream) must be of type resource, bool given C:\xampp\htdocs\cli\application\controllers\Cli.php 28
ERROR - 2021-12-30 05:21:59 --> Severity: Warning --> fopen(./log/result/reslog.txt): Failed to open stream: No such file or directory C:\xampp\htdocs\cli\application\controllers\Cli.php 27
ERROR - 2021-12-30 05:21:59 --> Severity: error --> Exception: fwrite(): Argument #1 ($stream) must be of type resource, bool given C:\xampp\htdocs\cli\application\controllers\Cli.php 29
ERROR - 2021-12-30 05:23:02 --> Severity: Warning --> file(./log/log-2021-12-30.log): Failed to open stream: No such file or directory C:\xampp\htdocs\cli\application\controllers\Cli.php 16
